0 info it worked if it ends with ok
1 verbose cli [ '/usr/local/bin/node', '/usr/local/bin/npm', 'install' ]
2 info using npm@2.14.12
3 info using node@v4.2.6
4 verbose readDependencies loading dependencies from /Users/esbanarango/Developer/PersonalProjects/places/package.json
5 warn package.json @ No license field.
6 verbose install where, deps [ '/Users/esbanarango/Developer/PersonalProjects/places',
6 verbose install   [ 'babel-brunch',
6 verbose install     'brunch',
6 verbose install     'clean-css-brunch',
6 verbose install     'css-brunch',
6 verbose install     'javascript-brunch',
6 verbose install     'uglify-js-brunch',
6 verbose install     'phoenix',
6 verbose install     'phoenix_html' ] ]
7 verbose install where, peers [ '/Users/esbanarango/Developer/PersonalProjects/places', [] ]
8 verbose installManyTop reading for lifecycle /Users/esbanarango/Developer/PersonalProjects/places/package.json
9 info preinstall @
10 verbose readDependencies loading dependencies from /Users/esbanarango/Developer/PersonalProjects/places/package.json
11 silly cache add args [ 'babel-brunch@~6.0.0', null ]
12 verbose cache add spec babel-brunch@~6.0.0
13 silly cache add args [ 'brunch@~2.1.3', null ]
14 verbose cache add spec brunch@~2.1.3
15 silly cache add parsed spec Result {
15 silly cache add   raw: 'babel-brunch@~6.0.0',
15 silly cache add   scope: null,
15 silly cache add   name: 'babel-brunch',
15 silly cache add   rawSpec: '~6.0.0',
15 silly cache add   spec: '>=6.0.0 <6.1.0',
15 silly cache add   type: 'range' }
16 silly addNamed babel-brunch@>=6.0.0 <6.1.0
17 verbose addNamed ">=6.0.0 <6.1.0" is a valid semver range for babel-brunch
18 silly addNameRange { name: 'babel-brunch', range: '>=6.0.0 <6.1.0', hasData: false }
19 silly mapToRegistry name babel-brunch
20 silly mapToRegistry using default registry
21 silly mapToRegistry registry https://registry.npmjs.org/
22 silly mapToRegistry uri https://registry.npmjs.org/babel-brunch
23 verbose addNameRange registry:https://registry.npmjs.org/babel-brunch not in flight; fetching
24 silly cache add parsed spec Result {
24 silly cache add   raw: 'brunch@~2.1.3',
24 silly cache add   scope: null,
24 silly cache add   name: 'brunch',
24 silly cache add   rawSpec: '~2.1.3',
24 silly cache add   spec: '>=2.1.3 <2.2.0',
24 silly cache add   type: 'range' }
25 silly addNamed brunch@>=2.1.3 <2.2.0
26 verbose addNamed ">=2.1.3 <2.2.0" is a valid semver range for brunch
27 silly addNameRange { name: 'brunch', range: '>=2.1.3 <2.2.0', hasData: false }
28 silly mapToRegistry name brunch
29 silly mapToRegistry using default registry
30 silly mapToRegistry registry https://registry.npmjs.org/
31 silly mapToRegistry uri https://registry.npmjs.org/brunch
32 verbose addNameRange registry:https://registry.npmjs.org/brunch not in flight; fetching
33 silly cache add args [ 'clean-css-brunch@~1.8.0', null ]
34 verbose cache add spec clean-css-brunch@~1.8.0
35 silly cache add parsed spec Result {
35 silly cache add   raw: 'clean-css-brunch@~1.8.0',
35 silly cache add   scope: null,
35 silly cache add   name: 'clean-css-brunch',
35 silly cache add   rawSpec: '~1.8.0',
35 silly cache add   spec: '>=1.8.0 <1.9.0',
35 silly cache add   type: 'range' }
36 silly addNamed clean-css-brunch@>=1.8.0 <1.9.0
37 verbose addNamed ">=1.8.0 <1.9.0" is a valid semver range for clean-css-brunch
38 silly addNameRange { name: 'clean-css-brunch',
38 silly addNameRange   range: '>=1.8.0 <1.9.0',
38 silly addNameRange   hasData: false }
39 silly mapToRegistry name clean-css-brunch
40 silly mapToRegistry using default registry
41 silly mapToRegistry registry https://registry.npmjs.org/
42 silly mapToRegistry uri https://registry.npmjs.org/clean-css-brunch
43 verbose addNameRange registry:https://registry.npmjs.org/clean-css-brunch not in flight; fetching
44 silly cache add args [ 'css-brunch@~1.7.0', null ]
45 verbose cache add spec css-brunch@~1.7.0
46 silly cache add parsed spec Result {
46 silly cache add   raw: 'css-brunch@~1.7.0',
46 silly cache add   scope: null,
46 silly cache add   name: 'css-brunch',
46 silly cache add   rawSpec: '~1.7.0',
46 silly cache add   spec: '>=1.7.0 <1.8.0',
46 silly cache add   type: 'range' }
47 silly addNamed css-brunch@>=1.7.0 <1.8.0
48 verbose addNamed ">=1.7.0 <1.8.0" is a valid semver range for css-brunch
49 silly addNameRange { name: 'css-brunch', range: '>=1.7.0 <1.8.0', hasData: false }
50 silly mapToRegistry name css-brunch
51 silly mapToRegistry using default registry
52 silly mapToRegistry registry https://registry.npmjs.org/
53 silly mapToRegistry uri https://registry.npmjs.org/css-brunch
54 verbose addNameRange registry:https://registry.npmjs.org/css-brunch not in flight; fetching
55 silly cache add args [ 'javascript-brunch@~1.8.0', null ]
56 verbose cache add spec javascript-brunch@~1.8.0
57 silly cache add parsed spec Result {
57 silly cache add   raw: 'javascript-brunch@~1.8.0',
57 silly cache add   scope: null,
57 silly cache add   name: 'javascript-brunch',
57 silly cache add   rawSpec: '~1.8.0',
57 silly cache add   spec: '>=1.8.0 <1.9.0',
57 silly cache add   type: 'range' }
58 silly addNamed javascript-brunch@>=1.8.0 <1.9.0
59 verbose addNamed ">=1.8.0 <1.9.0" is a valid semver range for javascript-brunch
60 silly addNameRange { name: 'javascript-brunch',
60 silly addNameRange   range: '>=1.8.0 <1.9.0',
60 silly addNameRange   hasData: false }
61 silly mapToRegistry name javascript-brunch
62 silly mapToRegistry using default registry
63 silly mapToRegistry registry https://registry.npmjs.org/
64 silly mapToRegistry uri https://registry.npmjs.org/javascript-brunch
65 verbose addNameRange registry:https://registry.npmjs.org/javascript-brunch not in flight; fetching
66 silly cache add args [ 'uglify-js-brunch@~1.7.0', null ]
67 verbose cache add spec uglify-js-brunch@~1.7.0
68 silly cache add parsed spec Result {
68 silly cache add   raw: 'uglify-js-brunch@~1.7.0',
68 silly cache add   scope: null,
68 silly cache add   name: 'uglify-js-brunch',
68 silly cache add   rawSpec: '~1.7.0',
68 silly cache add   spec: '>=1.7.0 <1.8.0',
68 silly cache add   type: 'range' }
69 silly addNamed uglify-js-brunch@>=1.7.0 <1.8.0
70 verbose addNamed ">=1.7.0 <1.8.0" is a valid semver range for uglify-js-brunch
71 silly addNameRange { name: 'uglify-js-brunch',
71 silly addNameRange   range: '>=1.7.0 <1.8.0',
71 silly addNameRange   hasData: false }
72 silly mapToRegistry name uglify-js-brunch
73 silly mapToRegistry using default registry
74 silly mapToRegistry registry https://registry.npmjs.org/
75 silly mapToRegistry uri https://registry.npmjs.org/uglify-js-brunch
76 verbose addNameRange registry:https://registry.npmjs.org/uglify-js-brunch not in flight; fetching
77 silly cache add args [ 'phoenix@file:deps/phoenix', null ]
78 verbose cache add spec phoenix@file:deps/phoenix
79 silly cache add args [ 'phoenix_html@file:deps/phoenix_html', null ]
80 verbose cache add spec phoenix_html@file:deps/phoenix_html
81 verbose request uri https://registry.npmjs.org/babel-brunch
82 verbose request no auth needed
83 info attempt registry request try #1 at 1:33:30 PM
84 verbose request using bearer token for auth
85 verbose request id 7567ff3e8dc5ae0d
86 http request GET https://registry.npmjs.org/babel-brunch
87 verbose request uri https://registry.npmjs.org/brunch
88 verbose request no auth needed
89 info attempt registry request try #1 at 1:33:30 PM
90 verbose request using bearer token for auth
91 http request GET https://registry.npmjs.org/brunch
92 verbose request uri https://registry.npmjs.org/clean-css-brunch
93 verbose request no auth needed
94 info attempt registry request try #1 at 1:33:30 PM
95 verbose request using bearer token for auth
96 http request GET https://registry.npmjs.org/clean-css-brunch
97 verbose request uri https://registry.npmjs.org/css-brunch
98 verbose request no auth needed
99 info attempt registry request try #1 at 1:33:30 PM
100 verbose request using bearer token for auth
101 http request GET https://registry.npmjs.org/css-brunch
102 verbose request uri https://registry.npmjs.org/javascript-brunch
103 verbose request no auth needed
104 info attempt registry request try #1 at 1:33:30 PM
105 verbose request using bearer token for auth
106 http request GET https://registry.npmjs.org/javascript-brunch
107 verbose request uri https://registry.npmjs.org/uglify-js-brunch
108 verbose request no auth needed
109 info attempt registry request try #1 at 1:33:30 PM
110 verbose request using bearer token for auth
111 http request GET https://registry.npmjs.org/uglify-js-brunch
112 silly cache add parsed spec Result {
112 silly cache add   raw: 'phoenix@file:deps/phoenix',
112 silly cache add   scope: null,
112 silly cache add   name: 'phoenix',
112 silly cache add   rawSpec: 'file:deps/phoenix',
112 silly cache add   spec: '/Users/esbanarango/Developer/PersonalProjects/places/deps/phoenix',
112 silly cache add   type: 'local' }
113 silly cache add parsed spec Result {
113 silly cache add   raw: 'phoenix_html@file:deps/phoenix_html',
113 silly cache add   scope: null,
113 silly cache add   name: 'phoenix_html',
113 silly cache add   rawSpec: 'file:deps/phoenix_html',
113 silly cache add   spec: '/Users/esbanarango/Developer/PersonalProjects/places/deps/phoenix_html',
113 silly cache add   type: 'local' }
114 error addLocal Could not install /Users/esbanarango/Developer/PersonalProjects/places/deps/phoenix
115 error addLocal Could not install /Users/esbanarango/Developer/PersonalProjects/places/deps/phoenix_html
116 http 200 https://registry.npmjs.org/babel-brunch
117 verbose headers { server: 'CouchDB/1.5.0 (Erlang OTP/R16B03)',
117 verbose headers   etag: '"5M4803D7H9K8KRL0WQVVC35Y6"',
117 verbose headers   'content-type': 'application/json',
117 verbose headers   'content-encoding': 'gzip',
117 verbose headers   'cache-control': 'max-age=300',
117 verbose headers   'transfer-encoding': 'chunked',
117 verbose headers   'accept-ranges': 'bytes',
117 verbose headers   date: 'Sat, 23 Apr 2016 18:33:24 GMT',
117 verbose headers   via: '1.1 varnish',
117 verbose headers   connection: 'keep-alive',
117 verbose headers   'x-served-by': 'cache-jfk1039-JFK',
117 verbose headers   'x-cache': 'MISS',
117 verbose headers   'x-cache-hits': '0',
117 verbose headers   'x-timer': 'S1461436404.853093,VS0,VE106',
117 verbose headers   vary: 'Accept-Encoding' }
118 silly get cb [ 200,
118 silly get   { server: 'CouchDB/1.5.0 (Erlang OTP/R16B03)',
118 silly get     etag: '"5M4803D7H9K8KRL0WQVVC35Y6"',
118 silly get     'content-type': 'application/json',
118 silly get     'content-encoding': 'gzip',
118 silly get     'cache-control': 'max-age=300',
118 silly get     'transfer-encoding': 'chunked',
118 silly get     'accept-ranges': 'bytes',
118 silly get     date: 'Sat, 23 Apr 2016 18:33:24 GMT',
118 silly get     via: '1.1 varnish',
118 silly get     connection: 'keep-alive',
118 silly get     'x-served-by': 'cache-jfk1039-JFK',
118 silly get     'x-cache': 'MISS',
118 silly get     'x-cache-hits': '0',
118 silly get     'x-timer': 'S1461436404.853093,VS0,VE106',
118 silly get     vary: 'Accept-Encoding' } ]
119 verbose get saving babel-brunch to /Users/esbanarango/.npm/registry.npmjs.org/babel-brunch/.cache.json
120 http 200 https://registry.npmjs.org/uglify-js-brunch
121 verbose headers { server: 'CouchDB/1.5.0 (Erlang OTP/R16B03)',
121 verbose headers   etag: '"13FU9J8Y5W216UTLU2ZRS4T4M"',
121 verbose headers   'content-type': 'application/json',
121 verbose headers   'content-encoding': 'gzip',
121 verbose headers   'cache-control': 'max-age=300',
121 verbose headers   'transfer-encoding': 'chunked',
121 verbose headers   'accept-ranges': 'bytes',
121 verbose headers   date: 'Sat, 23 Apr 2016 18:33:24 GMT',
121 verbose headers   via: '1.1 varnish',
121 verbose headers   connection: 'keep-alive',
121 verbose headers   'x-served-by': 'cache-jfk1023-JFK',
121 verbose headers   'x-cache': 'MISS',
121 verbose headers   'x-cache-hits': '0',
121 verbose headers   'x-timer': 'S1461436404.860695,VS0,VE105',
121 verbose headers   vary: 'Accept-Encoding' }
122 silly get cb [ 200,
122 silly get   { server: 'CouchDB/1.5.0 (Erlang OTP/R16B03)',
122 silly get     etag: '"13FU9J8Y5W216UTLU2ZRS4T4M"',
122 silly get     'content-type': 'application/json',
122 silly get     'content-encoding': 'gzip',
122 silly get     'cache-control': 'max-age=300',
122 silly get     'transfer-encoding': 'chunked',
122 silly get     'accept-ranges': 'bytes',
122 silly get     date: 'Sat, 23 Apr 2016 18:33:24 GMT',
122 silly get     via: '1.1 varnish',
122 silly get     connection: 'keep-alive',
122 silly get     'x-served-by': 'cache-jfk1023-JFK',
122 silly get     'x-cache': 'MISS',
122 silly get     'x-cache-hits': '0',
122 silly get     'x-timer': 'S1461436404.860695,VS0,VE105',
122 silly get     vary: 'Accept-Encoding' } ]
123 verbose get saving uglify-js-brunch to /Users/esbanarango/.npm/registry.npmjs.org/uglify-js-brunch/.cache.json
124 silly addNameRange number 2 { name: 'uglify-js-brunch',
124 silly addNameRange   range: '>=1.7.0 <1.8.0',
124 silly addNameRange   hasData: true }
125 silly addNameRange versions [ 'uglify-js-brunch',
125 silly addNameRange   [ '1.0.0',
125 silly addNameRange     '1.1.0',
125 silly addNameRange     '1.1.1',
125 silly addNameRange     '1.3.0',
125 silly addNameRange     '1.3.1',
125 silly addNameRange     '1.5.0',
125 silly addNameRange     '1.5.1',
125 silly addNameRange     '1.7.0',
125 silly addNameRange     '1.7.1',
125 silly addNameRange     '1.7.2',
125 silly addNameRange     '1.7.3',
125 silly addNameRange     '1.7.4',
125 silly addNameRange     '1.7.5',
125 silly addNameRange     '1.7.6',
125 silly addNameRange     '1.7.7',
125 silly addNameRange     '1.7.8',
125 silly addNameRange     '2.0.0',
125 silly addNameRange     '2.0.1' ] ]
126 silly addNamed uglify-js-brunch@1.7.8
127 verbose addNamed "1.7.8" is a plain semver version for uglify-js-brunch
128 silly addNameRange number 2 { name: 'babel-brunch', range: '>=6.0.0 <6.1.0', hasData: true }
129 silly addNameRange versions [ 'babel-brunch',
129 silly addNameRange   [ '4.0.0',
129 silly addNameRange     '5.0.0',
129 silly addNameRange     '5.0.1',
129 silly addNameRange     '5.1.0',
129 silly addNameRange     '5.1.1',
129 silly addNameRange     '5.1.2',
129 silly addNameRange     '6.0.0',
129 silly addNameRange     '6.0.1',
129 silly addNameRange     '6.0.2' ] ]
130 silly addNamed babel-brunch@6.0.2
131 verbose addNamed "6.0.2" is a plain semver version for babel-brunch
132 silly mapToRegistry name uglify-js-brunch
133 silly mapToRegistry using default registry
134 silly mapToRegistry registry https://registry.npmjs.org/
135 silly mapToRegistry uri https://registry.npmjs.org/uglify-js-brunch
136 verbose addRemoteTarball https://registry.npmjs.org/uglify-js-brunch/-/uglify-js-brunch-1.7.8.tgz not in flight; adding
137 verbose addRemoteTarball [ 'https://registry.npmjs.org/uglify-js-brunch/-/uglify-js-brunch-1.7.8.tgz',
137 verbose addRemoteTarball   'b36dffbcd19cfea27248d34797effef1ae9d3a62' ]
138 silly mapToRegistry name babel-brunch
139 silly mapToRegistry using default registry
140 silly mapToRegistry registry https://registry.npmjs.org/
141 silly mapToRegistry uri https://registry.npmjs.org/babel-brunch
142 verbose addRemoteTarball https://registry.npmjs.org/babel-brunch/-/babel-brunch-6.0.2.tgz not in flight; adding
143 verbose addRemoteTarball [ 'https://registry.npmjs.org/babel-brunch/-/babel-brunch-6.0.2.tgz',
143 verbose addRemoteTarball   '51b11f731c9b360674c560c56c125501f3bcd02d' ]
144 info retry fetch attempt 1 at 1:33:31 PM
145 info attempt registry request try #1 at 1:33:31 PM
146 http fetch GET https://registry.npmjs.org/uglify-js-brunch/-/uglify-js-brunch-1.7.8.tgz
147 verbose request using bearer token for auth
148 info retry fetch attempt 1 at 1:33:31 PM
149 info attempt registry request try #1 at 1:33:31 PM
150 http fetch GET https://registry.npmjs.org/babel-brunch/-/babel-brunch-6.0.2.tgz
151 verbose request using bearer token for auth
152 http 200 https://registry.npmjs.org/css-brunch
153 verbose headers { server: 'CouchDB/1.5.0 (Erlang OTP/R16B03)',
153 verbose headers   etag: '"4YX2L1NJVSI2XGV2B6L7CKNYH"',
153 verbose headers   'content-type': 'application/json',
153 verbose headers   'cache-control': 'max-age=300',
153 verbose headers   'content-length': '14183',
153 verbose headers   'accept-ranges': 'bytes',
153 verbose headers   date: 'Sat, 23 Apr 2016 18:33:24 GMT',
153 verbose headers   via: '1.1 varnish',
153 verbose headers   connection: 'keep-alive',
153 verbose headers   'x-served-by': 'cache-jfk1039-JFK',
153 verbose headers   'x-cache': 'MISS',
153 verbose headers   'x-cache-hits': '0',
153 verbose headers   'x-timer': 'S1461436404.853114,VS0,VE25',
153 verbose headers   vary: 'Accept-Encoding' }
154 silly get cb [ 200,
154 silly get   { server: 'CouchDB/1.5.0 (Erlang OTP/R16B03)',
154 silly get     etag: '"4YX2L1NJVSI2XGV2B6L7CKNYH"',
154 silly get     'content-type': 'application/json',
154 silly get     'cache-control': 'max-age=300',
154 silly get     'content-length': '14183',
154 silly get     'accept-ranges': 'bytes',
154 silly get     date: 'Sat, 23 Apr 2016 18:33:24 GMT',
154 silly get     via: '1.1 varnish',
154 silly get     connection: 'keep-alive',
154 silly get     'x-served-by': 'cache-jfk1039-JFK',
154 silly get     'x-cache': 'MISS',
154 silly get     'x-cache-hits': '0',
154 silly get     'x-timer': 'S1461436404.853114,VS0,VE25',
154 silly get     vary: 'Accept-Encoding' } ]
155 verbose get saving css-brunch to /Users/esbanarango/.npm/registry.npmjs.org/css-brunch/.cache.json
156 silly addNameRange number 2 { name: 'css-brunch', range: '>=1.7.0 <1.8.0', hasData: true }
157 silly addNameRange versions [ 'css-brunch',
157 silly addNameRange   [ '1.0.0',
157 silly addNameRange     '1.1.0',
157 silly addNameRange     '1.1.1',
157 silly addNameRange     '1.3.0',
157 silly addNameRange     '1.5.0',
157 silly addNameRange     '1.5.1',
157 silly addNameRange     '1.6.0',
157 silly addNameRange     '1.7.0',
157 silly addNameRange     '2.0.0',
157 silly addNameRange     '2.6.0',
157 silly addNameRange     '2.6.1' ] ]
158 silly addNamed css-brunch@1.7.0
159 verbose addNamed "1.7.0" is a plain semver version for css-brunch
160 silly mapToRegistry name css-brunch
161 silly mapToRegistry using default registry
162 silly mapToRegistry registry https://registry.npmjs.org/
163 silly mapToRegistry uri https://registry.npmjs.org/css-brunch
164 verbose addRemoteTarball https://registry.npmjs.org/css-brunch/-/css-brunch-1.7.0.tgz not in flight; adding
165 verbose addRemoteTarball [ 'https://registry.npmjs.org/css-brunch/-/css-brunch-1.7.0.tgz',
165 verbose addRemoteTarball   '258c1b038a970840af0c6a8e5582f614050294da' ]
166 info retry fetch attempt 1 at 1:33:31 PM
167 info attempt registry request try #1 at 1:33:31 PM
168 http fetch GET https://registry.npmjs.org/css-brunch/-/css-brunch-1.7.0.tgz
169 verbose request using bearer token for auth
170 http 200 https://registry.npmjs.org/brunch
171 verbose headers { server: 'CouchDB/1.5.0 (Erlang OTP/R16B03)',
171 verbose headers   etag: '"39W0CD90R9LURKR3CYFR5FT4A"',
171 verbose headers   'content-type': 'application/json',
171 verbose headers   'content-encoding': 'gzip',
171 verbose headers   'cache-control': 'max-age=300',
171 verbose headers   'transfer-encoding': 'chunked',
171 verbose headers   'accept-ranges': 'bytes',
171 verbose headers   date: 'Sat, 23 Apr 2016 18:33:25 GMT',
171 verbose headers   via: '1.1 varnish',
171 verbose headers   connection: 'keep-alive',
171 verbose headers   'x-served-by': 'cache-jfk1030-JFK',
171 verbose headers   'x-cache': 'MISS',
171 verbose headers   'x-cache-hits': '0',
171 verbose headers   'x-timer': 'S1461436404.868830,VS0,VE163',
171 verbose headers   vary: 'Accept-Encoding' }
172 silly get cb [ 200,
172 silly get   { server: 'CouchDB/1.5.0 (Erlang OTP/R16B03)',
172 silly get     etag: '"39W0CD90R9LURKR3CYFR5FT4A"',
172 silly get     'content-type': 'application/json',
172 silly get     'content-encoding': 'gzip',
172 silly get     'cache-control': 'max-age=300',
172 silly get     'transfer-encoding': 'chunked',
172 silly get     'accept-ranges': 'bytes',
172 silly get     date: 'Sat, 23 Apr 2016 18:33:25 GMT',
172 silly get     via: '1.1 varnish',
172 silly get     connection: 'keep-alive',
172 silly get     'x-served-by': 'cache-jfk1030-JFK',
172 silly get     'x-cache': 'MISS',
172 silly get     'x-cache-hits': '0',
172 silly get     'x-timer': 'S1461436404.868830,VS0,VE163',
172 silly get     vary: 'Accept-Encoding' } ]
173 verbose get saving brunch to /Users/esbanarango/.npm/registry.npmjs.org/brunch/.cache.json
174 silly addNameRange number 2 { name: 'brunch', range: '>=2.1.3 <2.2.0', hasData: true }
175 silly addNameRange versions [ 'brunch',
175 silly addNameRange   [ '0.0.1',
175 silly addNameRange     '0.0.2',
175 silly addNameRange     '0.0.3',
175 silly addNameRange     '0.0.4',
175 silly addNameRange     '0.0.5',
175 silly addNameRange     '0.0.6',
175 silly addNameRange     '0.0.7',
175 silly addNameRange     '0.0.8',
175 silly addNameRange     '0.1.0',
175 silly addNameRange     '0.1.1',
175 silly addNameRange     '0.1.3',
175 silly addNameRange     '0.1.4',
175 silly addNameRange     '0.1.5',
175 silly addNameRange     '0.1.6',
175 silly addNameRange     '0.1.7',
175 silly addNameRange     '0.1.8',
175 silly addNameRange     '0.1.9',
175 silly addNameRange     '0.2.0',
175 silly addNameRange     '0.2.1',
175 silly addNameRange     '0.2.2',
175 silly addNameRange     '0.2.3',
175 silly addNameRange     '0.2.4',
175 silly addNameRange     '0.2.6',
175 silly addNameRange     '0.2.7',
175 silly addNameRange     '0.2.8',
175 silly addNameRange     '0.3.0',
175 silly addNameRange     '0.3.1',
175 silly addNameRange     '0.3.2',
175 silly addNameRange     '0.3.4',
175 silly addNameRange     '0.3.5',
175 silly addNameRange     '0.3.6',
175 silly addNameRange     '0.3.7',
175 silly addNameRange     '0.4.0',
175 silly addNameRange     '0.4.1',
175 silly addNameRange     '0.4.2',
175 silly addNameRange     '0.4.3',
175 silly addNameRange     '0.4.4',
175 silly addNameRange     '0.4.5',
175 silly addNameRange     '0.5.1',
175 silly addNameRange     '0.5.2',
175 silly addNameRange     '0.5.3',
175 silly addNameRange     '0.5.4',
175 silly addNameRange     '0.5.5',
175 silly addNameRange     '0.5.6',
175 silly addNameRange     '0.6.0',
175 silly addNameRange     '0.6.1',
175 silly addNameRange     '0.6.2',
175 silly addNameRange     '0.7.0',
175 silly addNameRange     '0.7.1',
175 silly addNameRange     '0.7.2',
175 silly addNameRange     '0.7.3',
175 silly addNameRange     '0.7.4',
175 silly addNameRange     '0.8.0',
175 silly addNameRange     '0.8.1',
175 silly addNameRange     '0.9.0-beta1',
175 silly addNameRange     '0.9.0',
175 silly addNameRange     '0.9.1',
175 silly addNameRange     '1.0.0',
175 silly addNameRange     '1.0.1',
175 silly addNameRange     '1.0.2',
175 silly addNameRange     '1.0.3',
175 silly addNameRange     '1.1.0',
175 silly addNameRange     '1.1.1',
175 silly addNameRange     '1.1.2',
175 silly addNameRange     '1.2.0',
175 silly addNameRange     '1.2.1',
175 silly addNameRange     '1.2.2',
175 silly addNameRange     '1.3.0',
175 silly addNameRange     '1.3.1',
175 silly addNameRange     '1.3.2',
175 silly addNameRange     '1.3.3',
175 silly addNameRange     '1.3.4',
175 silly addNameRange     '1.4.0',
175 silly addNameRange     '1.4.1',
175 silly addNameRange     '1.4.2',
175 silly addNameRange     '1.4.3',
175 silly addNameRange     '1.4.4',
175 silly addNameRange     '1.4.5',
175 silly addNameRange     '1.5.0',
175 silly addNameRange     '1.5.1',
175 silly addNameRange     '1.5.2',
175 silly addNameRange     '1.5.3',
175 silly addNameRange     '1.5.4',
175 silly addNameRange     '1.6.0',
175 silly addNameRange     '1.6.1',
175 silly addNameRange     '1.6.2',
175 silly addNameRange     '1.6.3',
175 silly addNameRange     '1.6.4',
175 silly addNameRange     '1.6.5',
175 silly addNameRange     '1.6.6',
175 silly addNameRange     '1.6.7',
175 silly addNameRange     '1.7.0',
175 silly addNameRange     '1.7.1',
175 silly addNameRange     '1.7.2',
175 silly addNameRange     '1.7.3',
175 silly addNameRange     '1.7.4',
175 silly addNameRange     '1.7.5',
175 silly addNameRange     '1.7.6',
175 silly addNameRange     '1.7.7',
175 silly addNameRange     '1.7.8',
175 silly addNameRange     '1.7.9',
175 silly addNameRange     '1.7.10',
175 silly addNameRange     '1.7.12',
175 silly addNameRange     '1.7.13',
175 silly addNameRange     '1.7.14',
175 silly addNameRange     '1.7.15',
175 silly addNameRange     '1.7.16',
175 silly addNameRange     '1.7.17',
175 silly addNameRange     '1.7.18',
175 silly addNameRange     '1.7.19',
175 silly addNameRange     '1.7.20',
175 silly addNameRange     '1.8.0',
175 silly addNameRange     '1.8.1',
175 silly addNameRange     '1.8.2',
175 silly addNameRange     '1.8.3',
175 silly addNameRange     '1.8.4',
175 silly addNameRange     '1.8.5',
175 silly addNameRange     '2.0.0',
175 silly addNameRange     '2.0.1',
175 silly addNameRange     '2.0.2',
175 silly addNameRange     '2.0.3',
175 silly addNameRange     '2.0.4',
175 silly addNameRange     '2.1.0',
175 silly addNameRange     '2.1.1',
175 silly addNameRange     '2.1.2',
175 silly addNameRange     '2.1.3',
175 silly addNameRange     '2.2.0',
175 silly addNameRange     '2.2.1',
175 silly addNameRange     '2.2.2',
175 silly addNameRange     '2.2.3',
175 silly addNameRange     '2.3.0',
175 silly addNameRange     '2.3.1',
175 silly addNameRange     '2.3.2',
175 silly addNameRange     '2.4.0',
175 silly addNameRange     '2.4.1',
175 silly addNameRange     '2.4.2',
175 silly addNameRange     '2.5.0-pre',
175 silly addNameRange     '2.5.0',
175 silly addNameRange     '2.5.1',
175 silly addNameRange     '2.5.2',
175 silly addNameRange     '2.5.3',
175 silly addNameRange     '2.6.0',
175 silly addNameRange     '2.6.1',
175 silly addNameRange     '2.6.2',
175 silly addNameRange     '2.6.3',
175 silly addNameRange     '2.6.4',
175 silly addNameRange     '2.6.5',
175 silly addNameRange     '2.6.6',
175 silly addNameRange     '2.7.1' ] ]
176 silly addNamed brunch@2.1.3
177 verbose addNamed "2.1.3" is a plain semver version for brunch
178 silly mapToRegistry name brunch
179 silly mapToRegistry using default registry
180 silly mapToRegistry registry https://registry.npmjs.org/
181 silly mapToRegistry uri https://registry.npmjs.org/brunch
182 verbose addRemoteTarball https://registry.npmjs.org/brunch/-/brunch-2.1.3.tgz not in flight; adding
183 verbose addRemoteTarball [ 'https://registry.npmjs.org/brunch/-/brunch-2.1.3.tgz',
183 verbose addRemoteTarball   'f695d23db6dd192e3d01a980fe57d5542a3d89d1' ]
184 info retry fetch attempt 1 at 1:33:31 PM
185 info attempt registry request try #1 at 1:33:31 PM
186 http fetch GET https://registry.npmjs.org/brunch/-/brunch-2.1.3.tgz
187 verbose request using bearer token for auth
188 http 200 https://registry.npmjs.org/javascript-brunch
189 verbose headers { server: 'CouchDB/1.5.0 (Erlang OTP/R16B03)',
189 verbose headers   etag: '"29I869TOMAOKBX6F9X34ADN83"',
189 verbose headers   'content-type': 'application/json',
189 verbose headers   'content-encoding': 'gzip',
189 verbose headers   'cache-control': 'max-age=300',
189 verbose headers   'transfer-encoding': 'chunked',
189 verbose headers   'accept-ranges': 'bytes',
189 verbose headers   date: 'Sat, 23 Apr 2016 18:33:25 GMT',
189 verbose headers   via: '1.1 varnish',
189 verbose headers   connection: 'keep-alive',
189 verbose headers   'x-served-by': 'cache-jfk1043-JFK',
189 verbose headers   'x-cache': 'MISS',
189 verbose headers   'x-cache-hits': '0',
189 verbose headers   'x-timer': 'S1461436404.850339,VS0,VE406',
189 verbose headers   vary: 'Accept-Encoding' }
190 silly get cb [ 200,
190 silly get   { server: 'CouchDB/1.5.0 (Erlang OTP/R16B03)',
190 silly get     etag: '"29I869TOMAOKBX6F9X34ADN83"',
190 silly get     'content-type': 'application/json',
190 silly get     'content-encoding': 'gzip',
190 silly get     'cache-control': 'max-age=300',
190 silly get     'transfer-encoding': 'chunked',
190 silly get     'accept-ranges': 'bytes',
190 silly get     date: 'Sat, 23 Apr 2016 18:33:25 GMT',
190 silly get     via: '1.1 varnish',
190 silly get     connection: 'keep-alive',
190 silly get     'x-served-by': 'cache-jfk1043-JFK',
190 silly get     'x-cache': 'MISS',
190 silly get     'x-cache-hits': '0',
190 silly get     'x-timer': 'S1461436404.850339,VS0,VE406',
190 silly get     vary: 'Accept-Encoding' } ]
191 verbose get saving javascript-brunch to /Users/esbanarango/.npm/registry.npmjs.org/javascript-brunch/.cache.json
192 silly addNameRange number 2 { name: 'javascript-brunch',
192 silly addNameRange   range: '>=1.8.0 <1.9.0',
192 silly addNameRange   hasData: true }
193 silly addNameRange versions [ 'javascript-brunch',
193 silly addNameRange   [ '1.0.0',
193 silly addNameRange     '1.1.0',
193 silly addNameRange     '1.1.1',
193 silly addNameRange     '1.3.0',
193 silly addNameRange     '1.5.0',
193 silly addNameRange     '1.5.1',
193 silly addNameRange     '1.6.0',
193 silly addNameRange     '1.7.0',
193 silly addNameRange     '1.7.1',
193 silly addNameRange     '1.8.0',
193 silly addNameRange     '2.0.0' ] ]
194 silly addNamed javascript-brunch@1.8.0
195 verbose addNamed "1.8.0" is a plain semver version for javascript-brunch
196 silly mapToRegistry name javascript-brunch
197 silly mapToRegistry using default registry
198 silly mapToRegistry registry https://registry.npmjs.org/
199 silly mapToRegistry uri https://registry.npmjs.org/javascript-brunch
200 verbose addRemoteTarball https://registry.npmjs.org/javascript-brunch/-/javascript-brunch-1.8.0.tgz not in flight; adding
201 verbose addRemoteTarball [ 'https://registry.npmjs.org/javascript-brunch/-/javascript-brunch-1.8.0.tgz',
201 verbose addRemoteTarball   '9d01b681f9e4f66bbe51cc1dbb70325ef3d831a5' ]
202 http 200 https://registry.npmjs.org/clean-css-brunch
203 verbose headers { server: 'CouchDB/1.5.0 (Erlang OTP/R16B03)',
203 verbose headers   etag: '"5MPZPCMAI74IWZRADCMJFIHZW"',
203 verbose headers   'content-type': 'application/json',
203 verbose headers   'content-encoding': 'gzip',
203 verbose headers   'cache-control': 'max-age=300',
203 verbose headers   'transfer-encoding': 'chunked',
203 verbose headers   'accept-ranges': 'bytes',
203 verbose headers   date: 'Sat, 23 Apr 2016 18:33:25 GMT',
203 verbose headers   via: '1.1 varnish',
203 verbose headers   connection: 'keep-alive',
203 verbose headers   'x-served-by': 'cache-jfk1040-JFK',
203 verbose headers   'x-cache': 'MISS',
203 verbose headers   'x-cache-hits': '0',
203 verbose headers   'x-timer': 'S1461436404.872363,VS0,VE400',
203 verbose headers   vary: 'Accept-Encoding' }
204 silly get cb [ 200,
204 silly get   { server: 'CouchDB/1.5.0 (Erlang OTP/R16B03)',
204 silly get     etag: '"5MPZPCMAI74IWZRADCMJFIHZW"',
204 silly get     'content-type': 'application/json',
204 silly get     'content-encoding': 'gzip',
204 silly get     'cache-control': 'max-age=300',
204 silly get     'transfer-encoding': 'chunked',
204 silly get     'accept-ranges': 'bytes',
204 silly get     date: 'Sat, 23 Apr 2016 18:33:25 GMT',
204 silly get     via: '1.1 varnish',
204 silly get     connection: 'keep-alive',
204 silly get     'x-served-by': 'cache-jfk1040-JFK',
204 silly get     'x-cache': 'MISS',
204 silly get     'x-cache-hits': '0',
204 silly get     'x-timer': 'S1461436404.872363,VS0,VE400',
204 silly get     vary: 'Accept-Encoding' } ]
205 verbose get saving clean-css-brunch to /Users/esbanarango/.npm/registry.npmjs.org/clean-css-brunch/.cache.json
206 info retry fetch attempt 1 at 1:33:31 PM
207 info attempt registry request try #1 at 1:33:31 PM
208 http fetch GET https://registry.npmjs.org/javascript-brunch/-/javascript-brunch-1.8.0.tgz
209 verbose request using bearer token for auth
210 silly addNameRange number 2 { name: 'clean-css-brunch',
210 silly addNameRange   range: '>=1.8.0 <1.9.0',
210 silly addNameRange   hasData: true }
211 silly addNameRange versions [ 'clean-css-brunch',
211 silly addNameRange   [ '1.0.0',
211 silly addNameRange     '1.1.0',
211 silly addNameRange     '1.1.1',
211 silly addNameRange     '1.3.0',
211 silly addNameRange     '1.4.0',
211 silly addNameRange     '1.5.0',
211 silly addNameRange     '1.5.1',
211 silly addNameRange     '1.6.0',
211 silly addNameRange     '1.7.0',
211 silly addNameRange     '1.7.1',
211 silly addNameRange     '1.7.2',
211 silly addNameRange     '1.8.0',
211 silly addNameRange     '2.0.0' ] ]
212 silly addNamed clean-css-brunch@1.8.0
213 verbose addNamed "1.8.0" is a plain semver version for clean-css-brunch
214 silly mapToRegistry name clean-css-brunch
215 silly mapToRegistry using default registry
216 silly mapToRegistry registry https://registry.npmjs.org/
217 silly mapToRegistry uri https://registry.npmjs.org/clean-css-brunch
218 verbose addRemoteTarball https://registry.npmjs.org/clean-css-brunch/-/clean-css-brunch-1.8.0.tgz not in flight; adding
219 verbose addRemoteTarball [ 'https://registry.npmjs.org/clean-css-brunch/-/clean-css-brunch-1.8.0.tgz',
219 verbose addRemoteTarball   'efea5ac3e2a99d08155c6c14e1eef466757b0984' ]
220 info retry fetch attempt 1 at 1:33:31 PM
221 info attempt registry request try #1 at 1:33:31 PM
222 http fetch GET https://registry.npmjs.org/clean-css-brunch/-/clean-css-brunch-1.8.0.tgz
223 verbose request using bearer token for auth
224 http fetch 200 https://registry.npmjs.org/css-brunch/-/css-brunch-1.7.0.tgz
225 silly fetchAndShaCheck shasum 258c1b038a970840af0c6a8e5582f614050294da
226 verbose addTmpTarball /var/folders/jr/cmtsy8qx3tsf6sb76zc0s2000000gn/T/npm-36095-aea0e946/registry.npmjs.org/css-brunch/-/css-brunch-1.7.0.tgz not in flight; adding
227 verbose addTmpTarball already have metadata; skipping unpack for css-brunch@1.7.0
228 silly cache afterAdd css-brunch@1.7.0
229 verbose afterAdd /Users/esbanarango/.npm/css-brunch/1.7.0/package/package.json not in flight; writing
230 verbose afterAdd /Users/esbanarango/.npm/css-brunch/1.7.0/package/package.json written
231 http fetch 200 https://registry.npmjs.org/uglify-js-brunch/-/uglify-js-brunch-1.7.8.tgz
232 silly fetchAndShaCheck shasum b36dffbcd19cfea27248d34797effef1ae9d3a62
233 verbose addTmpTarball /var/folders/jr/cmtsy8qx3tsf6sb76zc0s2000000gn/T/npm-36095-aea0e946/registry.npmjs.org/uglify-js-brunch/-/uglify-js-brunch-1.7.8.tgz not in flight; adding
234 verbose addTmpTarball already have metadata; skipping unpack for uglify-js-brunch@1.7.8
235 silly cache afterAdd uglify-js-brunch@1.7.8
236 verbose afterAdd /Users/esbanarango/.npm/uglify-js-brunch/1.7.8/package/package.json not in flight; writing
237 verbose afterAdd /Users/esbanarango/.npm/uglify-js-brunch/1.7.8/package/package.json written
238 http fetch 200 https://registry.npmjs.org/babel-brunch/-/babel-brunch-6.0.2.tgz
239 silly fetchAndShaCheck shasum 51b11f731c9b360674c560c56c125501f3bcd02d
240 verbose addTmpTarball /var/folders/jr/cmtsy8qx3tsf6sb76zc0s2000000gn/T/npm-36095-aea0e946/registry.npmjs.org/babel-brunch/-/babel-brunch-6.0.2.tgz not in flight; adding
241 verbose addTmpTarball already have metadata; skipping unpack for babel-brunch@6.0.2
242 silly cache afterAdd babel-brunch@6.0.2
243 verbose afterAdd /Users/esbanarango/.npm/babel-brunch/6.0.2/package/package.json not in flight; writing
244 verbose afterAdd /Users/esbanarango/.npm/babel-brunch/6.0.2/package/package.json written
245 http fetch 200 https://registry.npmjs.org/brunch/-/brunch-2.1.3.tgz
246 http fetch 200 https://registry.npmjs.org/javascript-brunch/-/javascript-brunch-1.8.0.tgz
247 silly fetchAndShaCheck shasum 9d01b681f9e4f66bbe51cc1dbb70325ef3d831a5
248 verbose addTmpTarball /var/folders/jr/cmtsy8qx3tsf6sb76zc0s2000000gn/T/npm-36095-aea0e946/registry.npmjs.org/javascript-brunch/-/javascript-brunch-1.8.0.tgz not in flight; adding
249 verbose addTmpTarball already have metadata; skipping unpack for javascript-brunch@1.8.0
250 silly cache afterAdd javascript-brunch@1.8.0
251 verbose afterAdd /Users/esbanarango/.npm/javascript-brunch/1.8.0/package/package.json not in flight; writing
252 verbose afterAdd /Users/esbanarango/.npm/javascript-brunch/1.8.0/package/package.json written
253 http fetch 200 https://registry.npmjs.org/clean-css-brunch/-/clean-css-brunch-1.8.0.tgz
254 silly fetchAndShaCheck shasum efea5ac3e2a99d08155c6c14e1eef466757b0984
255 verbose addTmpTarball /var/folders/jr/cmtsy8qx3tsf6sb76zc0s2000000gn/T/npm-36095-aea0e946/registry.npmjs.org/clean-css-brunch/-/clean-css-brunch-1.8.0.tgz not in flight; adding
256 verbose addTmpTarball already have metadata; skipping unpack for clean-css-brunch@1.8.0
257 silly cache afterAdd clean-css-brunch@1.8.0
258 verbose afterAdd /Users/esbanarango/.npm/clean-css-brunch/1.8.0/package/package.json not in flight; writing
259 verbose afterAdd /Users/esbanarango/.npm/clean-css-brunch/1.8.0/package/package.json written
260 silly fetchAndShaCheck shasum f695d23db6dd192e3d01a980fe57d5542a3d89d1
261 verbose addTmpTarball /var/folders/jr/cmtsy8qx3tsf6sb76zc0s2000000gn/T/npm-36095-aea0e946/registry.npmjs.org/brunch/-/brunch-2.1.3.tgz not in flight; adding
262 verbose addTmpTarball already have metadata; skipping unpack for brunch@2.1.3
263 silly cache afterAdd brunch@2.1.3
264 verbose afterAdd /Users/esbanarango/.npm/brunch/2.1.3/package/package.json not in flight; writing
265 verbose afterAdd /Users/esbanarango/.npm/brunch/2.1.3/package/package.json written
266 verbose stack Error: ENOENT: no such file or directory, open '/Users/esbanarango/Developer/PersonalProjects/places/deps/phoenix'
266 verbose stack     at Error (native)
267 verbose cwd /Users/esbanarango/Developer/PersonalProjects/places
268 error Darwin 15.4.0
269 error argv "/usr/local/bin/node" "/usr/local/bin/npm" "install"
270 error node v4.2.6
271 error npm  v2.14.12
272 error path /Users/esbanarango/Developer/PersonalProjects/places/deps/phoenix
273 error code ENOENT
274 error errno -2
275 error syscall open
276 error enoent ENOENT: no such file or directory, open '/Users/esbanarango/Developer/PersonalProjects/places/deps/phoenix'
276 error enoent This is most likely not a problem with npm itself
276 error enoent and is related to npm not being able to find a file.
277 verbose exit [ -2, true ]
